<?xml version="1.0" encoding="UTF-8"?>
<coverage generated="1760351903423" clover="3.2.0">
  <project timestamp="1760351903423" name="All files">
    <metrics statements="33" coveredstatements="33" conditionals="16" coveredconditionals="16" methods="2" coveredmethods="2" elements="51" coveredelements="51" complexity="0" loc="33" ncloc="33" packages="1" files="1" classes="1"/>
    <file name="Processo.js" path="C:\Users\Developer\Documents\IFSudesteMG\2 - Engenharia de Software\ProjetoFinal1\backend\src\processo\Processo.js">
      <metrics statements="33" coveredstatements="33" conditionals="16" coveredconditionals="16" methods="2" coveredmethods="2"/>
      <line num="15" count="1" type="stmt"/>
      <line num="19" count="30" type="stmt"/>
      <line num="22" count="30" type="stmt"/>
      <line num="25" count="30" type="stmt"/>
      <line num="29" count="30" type="cond" truecount="4" falsecount="0"/>
      <line num="30" count="1" type="stmt"/>
      <line num="34" count="29" type="cond" truecount="2" falsecount="0"/>
      <line num="35" count="2" type="stmt"/>
      <line num="39" count="27" type="cond" truecount="2" falsecount="0"/>
      <line num="40" count="2" type="stmt"/>
      <line num="44" count="25" type="cond" truecount="2" falsecount="0"/>
      <line num="45" count="2" type="stmt"/>
      <line num="50" count="23" type="stmt"/>
      <line num="51" count="23" type="stmt"/>
      <line num="52" count="23" type="cond" truecount="2" falsecount="0"/>
      <line num="53" count="2" type="stmt"/>
      <line num="64" count="21" type="stmt"/>
      <line num="65" count="21" type="cond" truecount="2" falsecount="0"/>
      <line num="66" count="1" type="stmt"/>
      <line num="70" count="20" type="stmt"/>
      <line num="79" count="12" type="stmt"/>
      <line num="81" count="12" type="stmt"/>
      <line num="83" count="12" type="stmt"/>
      <line num="85" count="12" type="stmt"/>
      <line num="86" count="12" type="stmt"/>
      <line num="96" count="11" type="cond" truecount="2" falsecount="0"/>
      <line num="98" count="10" type="stmt"/>
      <line num="103" count="10" type="stmt"/>
      <line num="112" count="1" type="stmt"/>
      <line num="113" count="1" type="stmt"/>
      <line num="119" count="1" type="stmt"/>
      <line num="120" count="1" type="stmt"/>
      <line num="277" count="1" type="stmt"/>
    </file>
  </project>
</coverage>
