{"C:\\Users\\Developer\\Documents\\IFSudesteMG\\2 - Engenharia de Software\\ProjetoFinal1\\backend\\src\\processo\\Processo.js": {"path":"C:\\Users\\Developer\\Documents\\IFSudesteMG\\2 - Engenharia de Software\\ProjetoFinal1\\backend\\src\\processo\\Processo.js","statementMap":{"0":{"start":{"line":15,"column":14},"end":{"line":15,"column":31}},"1":{"start":{"line":19,"column":8},"end":{"line":19,"column":64}},"2":{"start":{"line":22,"column":23},"end":{"line":22,"column":59}},"3":{"start":{"line":25,"column":22},"end":{"line":25,"column":65}},"4":{"start":{"line":29,"column":8},"end":{"line":31,"column":9}},"5":{"start":{"line":30,"column":12},"end":{"line":30,"column":51}},"6":{"start":{"line":34,"column":8},"end":{"line":36,"column":9}},"7":{"start":{"line":35,"column":12},"end":{"line":35,"column":66}},"8":{"start":{"line":39,"column":8},"end":{"line":41,"column":9}},"9":{"start":{"line":40,"column":12},"end":{"line":40,"column":69}},"10":{"start":{"line":44,"column":8},"end":{"line":46,"column":9}},"11":{"start":{"line":45,"column":12},"end":{"line":45,"column":87}},"12":{"start":{"line":50,"column":26},"end":{"line":50,"column":45}},"13":{"start":{"line":51,"column":25},"end":{"line":51,"column":59}},"14":{"start":{"line":52,"column":8},"end":{"line":54,"column":9}},"15":{"start":{"line":53,"column":12},"end":{"line":53,"column":89}},"16":{"start":{"line":64,"column":22},"end":{"line":64,"column":41}},"17":{"start":{"line":65,"column":8},"end":{"line":67,"column":9}},"18":{"start":{"line":66,"column":12},"end":{"line":66,"column":80}},"19":{"start":{"line":70,"column":8},"end":{"line":70,"column":61}},"20":{"start":{"line":79,"column":38},"end":{"line":79,"column":84}},"21":{"start":{"line":81,"column":29},"end":{"line":81,"column":110}},"22":{"start":{"line":83,"column":23},"end":{"line":83,"column":85}},"23":{"start":{"line":85,"column":8},"end":{"line":121,"column":9}},"24":{"start":{"line":86,"column":29},"end":{"line":93,"column":14}},"25":{"start":{"line":96,"column":12},"end":{"line":114,"column":13}},"26":{"start":{"line":98,"column":43},"end":{"line":98,"column":68}},"27":{"start":{"line":103,"column":16},"end":{"line":109,"column":18}},"28":{"start":{"line":112,"column":16},"end":{"line":112,"column":83}},"29":{"start":{"line":113,"column":16},"end":{"line":113,"column":28}},"30":{"start":{"line":119,"column":12},"end":{"line":119,"column":74}},"31":{"start":{"line":120,"column":12},"end":{"line":120,"column":24}},"32":{"start":{"line":277,"column":0},"end":{"line":277,"column":26}}},"fnMap":{"0":{"name":"(anonymous_0)","decl":{"start":{"line":18,"column":4},"end":{"line":18,"column":5}},"loc":{"start":{"line":18,"column":40},"end":{"line":71,"column":5}},"line":18},"1":{"name":"(anonymous_1)","decl":{"start":{"line":74,"column":4},"end":{"line":74,"column":5}},"loc":{"start":{"line":74,"column":31},"end":{"line":122,"column":5}},"line":74}},"branchMap":{"0":{"loc":{"start":{"line":29,"column":8},"end":{"line":31,"column":9}},"type":"if","locations":[{"start":{"line":29,"column":8},"end":{"line":31,"column":9}},{"start":{},"end":{}}],"line":29},"1":{"loc":{"start":{"line":29,"column":11},"end":{"line":29,"column":80}},"type":"binary-expr","locations":[{"start":{"line":29,"column":11},"end":{"line":29,"column":34}},{"start":{"line":29,"column":38},"end":{"line":29,"column":80}}],"line":29},"2":{"loc":{"start":{"line":34,"column":8},"end":{"line":36,"column":9}},"type":"if","locations":[{"start":{"line":34,"column":8},"end":{"line":36,"column":9}},{"start":{},"end":{}}],"line":34},"3":{"loc":{"start":{"line":39,"column":8},"end":{"line":41,"column":9}},"type":"if","locations":[{"start":{"line":39,"column":8},"end":{"line":41,"column":9}},{"start":{},"end":{}}],"line":39},"4":{"loc":{"start":{"line":44,"column":8},"end":{"line":46,"column":9}},"type":"if","locations":[{"start":{"line":44,"column":8},"end":{"line":46,"column":9}},{"start":{},"end":{}}],"line":44},"5":{"loc":{"start":{"line":52,"column":8},"end":{"line":54,"column":9}},"type":"if","locations":[{"start":{"line":52,"column":8},"end":{"line":54,"column":9}},{"start":{},"end":{}}],"line":52},"6":{"loc":{"start":{"line":65,"column":8},"end":{"line":67,"column":9}},"type":"if","locations":[{"start":{"line":65,"column":8},"end":{"line":67,"column":9}},{"start":{},"end":{}}],"line":65},"7":{"loc":{"start":{"line":96,"column":12},"end":{"line":114,"column":13}},"type":"if","locations":[{"start":{"line":96,"column":12},"end":{"line":114,"column":13}},{"start":{"line":111,"column":19},"end":{"line":114,"column":13}}],"line":96}},"s":{"0":1,"1":30,"2":30,"3":30,"4":30,"5":1,"6":29,"7":2,"8":27,"9":2,"10":25,"11":2,"12":23,"13":23,"14":23,"15":2,"16":21,"17":21,"18":1,"19":20,"20":12,"21":12,"22":12,"23":12,"24":12,"25":11,"26":10,"27":10,"28":1,"29":1,"30":1,"31":1,"32":1},"f":{"0":30,"1":12},"b":{"0":[1,29],"1":[30,29],"2":[2,27],"3":[2,25],"4":[2,23],"5":[2,21],"6":[1,20],"7":[10,1]},"_coverageSchema":"1a1c01bbd47fc00a2c39e90264f33305004495a9","hash":"69d0da6db40784179aa6ad50ad832bfe18cad9a4"}
}
