{"C:\\Users\\Developer\\Documents\\IFSudesteMG\\2 - Engenharia de Software\\ProjetoFinal1\\backend\\src\\processo\\Processo.js": {"path":"C:\\Users\\Developer\\Documents\\IFSudesteMG\\2 - Engenharia de Software\\ProjetoFinal1\\backend\\src\\processo\\Processo.js","statementMap":{"0":{"start":{"line":17,"column":8},"end":{"line":17,"column":64}},"1":{"start":{"line":20,"column":23},"end":{"line":20,"column":59}},"2":{"start":{"line":23,"column":22},"end":{"line":23,"column":65}},"3":{"start":{"line":27,"column":8},"end":{"line":29,"column":9}},"4":{"start":{"line":28,"column":12},"end":{"line":28,"column":51}},"5":{"start":{"line":32,"column":8},"end":{"line":34,"column":9}},"6":{"start":{"line":33,"column":12},"end":{"line":33,"column":66}},"7":{"start":{"line":37,"column":8},"end":{"line":39,"column":9}},"8":{"start":{"line":38,"column":12},"end":{"line":38,"column":69}},"9":{"start":{"line":42,"column":8},"end":{"line":44,"column":9}},"10":{"start":{"line":43,"column":12},"end":{"line":43,"column":87}},"11":{"start":{"line":48,"column":26},"end":{"line":48,"column":45}},"12":{"start":{"line":49,"column":25},"end":{"line":49,"column":59}},"13":{"start":{"line":50,"column":8},"end":{"line":52,"column":9}},"14":{"start":{"line":51,"column":12},"end":{"line":51,"column":89}},"15":{"start":{"line":62,"column":22},"end":{"line":62,"column":41}},"16":{"start":{"line":63,"column":8},"end":{"line":65,"column":9}},"17":{"start":{"line":64,"column":12},"end":{"line":64,"column":80}},"18":{"start":{"line":70,"column":8},"end":{"line":70,"column":61}},"19":{"start":{"line":75,"column":0},"end":{"line":75,"column":26}}},"fnMap":{"0":{"name":"(anonymous_0)","decl":{"start":{"line":16,"column":4},"end":{"line":16,"column":5}},"loc":{"start":{"line":16,"column":40},"end":{"line":72,"column":5}},"line":16}},"branchMap":{"0":{"loc":{"start":{"line":27,"column":8},"end":{"line":29,"column":9}},"type":"if","locations":[{"start":{"line":27,"column":8},"end":{"line":29,"column":9}},{"start":{},"end":{}}],"line":27},"1":{"loc":{"start":{"line":27,"column":11},"end":{"line":27,"column":80}},"type":"binary-expr","locations":[{"start":{"line":27,"column":11},"end":{"line":27,"column":34}},{"start":{"line":27,"column":38},"end":{"line":27,"column":80}}],"line":27},"2":{"loc":{"start":{"line":32,"column":8},"end":{"line":34,"column":9}},"type":"if","locations":[{"start":{"line":32,"column":8},"end":{"line":34,"column":9}},{"start":{},"end":{}}],"line":32},"3":{"loc":{"start":{"line":37,"column":8},"end":{"line":39,"column":9}},"type":"if","locations":[{"start":{"line":37,"column":8},"end":{"line":39,"column":9}},{"start":{},"end":{}}],"line":37},"4":{"loc":{"start":{"line":42,"column":8},"end":{"line":44,"column":9}},"type":"if","locations":[{"start":{"line":42,"column":8},"end":{"line":44,"column":9}},{"start":{},"end":{}}],"line":42},"5":{"loc":{"start":{"line":50,"column":8},"end":{"line":52,"column":9}},"type":"if","locations":[{"start":{"line":50,"column":8},"end":{"line":52,"column":9}},{"start":{},"end":{}}],"line":50},"6":{"loc":{"start":{"line":63,"column":8},"end":{"line":65,"column":9}},"type":"if","locations":[{"start":{"line":63,"column":8},"end":{"line":65,"column":9}},{"start":{},"end":{}}],"line":63}},"s":{"0":12,"1":12,"2":12,"3":12,"4":1,"5":11,"6":2,"7":9,"8":2,"9":7,"10":2,"11":5,"12":5,"13":5,"14":2,"15":3,"16":3,"17":1,"18":2,"19":1},"f":{"0":12},"b":{"0":[1,11],"1":[12,11],"2":[2,9],"3":[2,7],"4":[2,5],"5":[2,3],"6":[1,2]},"_coverageSchema":"1a1c01bbd47fc00a2c39e90264f33305004495a9","hash":"91562c345573e94c4ec1248435403549b55f91f4"}
}
