TN:
SF:src\processo\Processo.js
FN:18,(anonymous_0)
FN:74,(anonymous_1)
FNF:2
FNH:2
FNDA:30,(anonymous_0)
FNDA:12,(anonymous_1)
DA:15,1
DA:19,30
DA:22,30
DA:25,30
DA:29,30
DA:30,1
DA:34,29
DA:35,2
DA:39,27
DA:40,2
DA:44,25
DA:45,2
DA:50,23
DA:51,23
DA:52,23
DA:53,2
DA:64,21
DA:65,21
DA:66,1
DA:70,20
DA:79,12
DA:81,12
DA:83,12
DA:85,12
DA:86,12
DA:96,11
DA:98,10
DA:103,10
DA:112,1
DA:113,1
DA:119,1
DA:120,1
DA:277,1
LF:33
LH:33
BRDA:29,0,0,1
BRDA:29,0,1,29
BRDA:29,1,0,30
BRDA:29,1,1,29
BRDA:34,2,0,2
BRDA:34,2,1,27
BRDA:39,3,0,2
BRDA:39,3,1,25
BRDA:44,4,0,2
BRDA:44,4,1,23
BRDA:52,5,0,2
BRDA:52,5,1,21
BRDA:65,6,0,1
BRDA:65,6,1,20
BRDA:96,7,0,10
BRDA:96,7,1,1
BRF:16
BRH:16
end_of_record
